{
  "RSpec": {
    "coverage": {
      "/Users/yoshiori/Dropbox/project/repos/lang/ruby/teams/config/environment.rb": [
        null,
        1,
        null,
        null,
        1
      ],
      "/Users/yoshiori/Dropbox/project/repos/lang/ruby/teams/config/application.rb": [
        1,
        null,
        1,
        null,
        1,
        null,
        1,
        null,
        null,
        null,
        null,
        1,
        1,
        null,
        null,
        null,
        null,
        null,
        null,
        null,
        null,
        null,
        null,
        null,
        null,
        null,
        null,
        null,
        null,
        null,
        null,
        null,
        null,
        null,
        null,
        null,
        1,
        null,
        null,
        1,
        null,
        null,
        1,
        null,
        null,
        null,
        null,
        null,
        null,
        null,
        null,
        null,
        null,
        1,
        null,
        null,
        1,
        null,
        null,
        1,
        null,
        null
      ],
      "/Users/yoshiori/Dropbox/project/repos/lang/ruby/teams/config/boot.rb": [
        1,
        null,
        null,
        1,
        null,
        1
      ],
      "/Users/yoshiori/Dropbox/project/repos/lang/ruby/teams/config/environments/test.rb": [
        1,
        null,
        null,
        null,
        null,
        null,
        null,
        1,
        null,
        null,
        1,
        1,
        null,
        null,
        1,
        null,
        null,
        1,
        1,
        null,
        null,
        1,
        null,
        null,
        1,
        null,
        null,
        null,
        null,
        1,
        null,
        null,
        1,
        null,
        null,
        1,
        null
      ],
      "/Users/yoshiori/Dropbox/project/repos/lang/ruby/teams/config/initializers/backtrace_silencers.rb": [
        null,
        null,
        null,
        null,
        null,
        null,
        null
      ],
      "/Users/yoshiori/Dropbox/project/repos/lang/ruby/teams/config/initializers/inflections.rb": [
        null,
        null,
        null,
        null,
        null,
        null,
        null,
        null,
        null,
        null,
        null,
        null,
        null,
        null,
        null
      ],
      "/Users/yoshiori/Dropbox/project/repos/lang/ruby/teams/config/initializers/mime_types.rb": [
        null,
        null,
        null,
        null,
        null
      ],
      "/Users/yoshiori/Dropbox/project/repos/lang/ruby/teams/config/initializers/omniauth.rb": [
        null,
        1,
        1,
        null
      ],
      "/Users/yoshiori/Dropbox/project/repos/lang/ruby/teams/config/initializers/secret_token.rb": [
        null,
        null,
        null,
        null,
        null,
        null,
        1
      ],
      "/Users/yoshiori/Dropbox/project/repos/lang/ruby/teams/config/initializers/session_store.rb": [
        null,
        null,
        1,
        null,
        null,
        null,
        null,
        null
      ],
      "/Users/yoshiori/Dropbox/project/repos/lang/ruby/teams/config/initializers/wrap_parameters.rb": [
        null,
        null,
        null,
        null,
        null,
        null,
        1,
        1,
        null,
        null,
        null,
        1,
        1,
        null
      ],
      "/Users/yoshiori/Dropbox/project/repos/lang/ruby/teams/app/controllers/application_controller.rb": [
        1,
        1,
        null
      ],
      "/Users/yoshiori/Dropbox/project/repos/lang/ruby/teams/app/helpers/application_helper.rb": [
        1,
        null
      ],
      "/Users/yoshiori/Dropbox/project/repos/lang/ruby/teams/app/helpers/root_helper.rb": [
        1,
        null
      ],
      "/Users/yoshiori/Dropbox/project/repos/lang/ruby/teams/app/controllers/root_controller.rb": [
        1,
        null
      ],
      "/Users/yoshiori/Dropbox/project/repos/lang/ruby/teams/app/controllers/sessions_controller.rb": [
        1,
        1,
        3,
        3,
        3,
        3,
        null,
        null,
        1,
        1,
        1,
        null,
        null
      ],
      "/Users/yoshiori/Dropbox/project/repos/lang/ruby/teams/app/models/user.rb": [
        1,
        1,
        null,
        1,
        1,
        1,
        null,
        1,
        4,
        4,
        4,
        4,
        4,
        null,
        null,
        null
      ],
      "/Users/yoshiori/Dropbox/project/repos/lang/ruby/teams/spec/factories/users.rb": [
        null,
        null,
        1,
        1,
        1,
        1,
        1,
        1,
        null,
        null
      ],
      "/Users/yoshiori/Dropbox/project/repos/lang/ruby/teams/config/routes.rb": [
        1,
        null,
        1,
        null,
        null,
        1,
        1,
        null
      ],
      "/Users/yoshiori/Dropbox/project/repos/lang/ruby/teams/spec/helpers/root_helper_spec.rb": [
        1,
        null,
        null,
        null,
        null,
        null,
        null,
        null,
        null,
        null,
        null,
        null,
        1,
        1,
        null
      ],
      "/Users/yoshiori/Dropbox/project/repos/lang/ruby/teams/spec/models/user_spec.rb": [
        1,
        null,
        1,
        1,
        1,
        1,
        2,
        null,
        null,
        null,
        1,
        1,
        2,
        null,
        null,
        1,
        2,
        null,
        2,
        null,
        null,
        null,
        1,
        1,
        2,
        null,
        null,
        1,
        2,
        null,
        2,
        null,
        null,
        null,
        null,
        1,
        1,
        null,
        null,
        null,
        null,
        null,
        null,
        null,
        2,
        null,
        null,
        1,
        4,
        null,
        null,
        1,
        1,
        null,
        null,
        null
      ],
      "/Users/yoshiori/Dropbox/project/repos/lang/ruby/teams/spec/requests/sessions_spec.rb": [
        1,
        null,
        1,
        null,
        4,
        null,
        1,
        3,
        3,
        null,
        null,
        null,
        null,
        null,
        null,
        null,
        null,
        null,
        1,
        1,
        1,
        1,
        1,
        1,
        2,
        1,
        1,
        null,
        null,
        null,
        1,
        2,
        null,
        1,
        1,
        1,
        1,
        2,
        1,
        null,
        null,
        null,
        null,
        1,
        1,
        1,
        1,
        1,
        2,
        1,
        1,
        1,
        1,
        null,
        null,
        null
      ]
    },
    "timestamp": 1370801861
  }
}
